<?xml version="1.0" encoding="UTF-8"?>
<testng-results ignored="0" total="1" passed="1" failed="0" skipped="0">
  <reporter-output>
  </reporter-output>
  <suite started-at="2023-04-06T23:46:32 EDT" name="Default suite" finished-at="2023-04-06T23:46:34 EDT" duration-ms="1972">
    <groups>
    </groups>
    <test started-at="2023-04-06T23:46:32 EDT" name="Default test" finished-at="2023-04-06T23:46:34 EDT" duration-ms="1972">
      <class name="com.training.restapi.ApiAutomationUser">
        <test-method signature="validateUser()[pri:0, instance:com.training.restapi.ApiAutomationUser@6a84a97d]" started-at="2023-04-06T23:46:32 EDT" name="validateUser" finished-at="2023-04-06T23:46:34 EDT" duration-ms="1948" status="PASS">
          <reporter-output>
          </reporter-output>
        </test-method> <!-- validateUser -->
      </class> <!-- com.training.restapi.ApiAutomationUser -->
    </test> <!-- Default test -->
  </suite> <!-- Default suite -->
</testng-results>
